<?xml version="1.0" encoding="UTF-8"?>
<!-- Generated by org.testng.reporters.JUnitXMLReporter -->
<testsuite ignored="0" hostname="OTSWJLPY633" failures="0" tests="5" name="Default test" time="6.183" errors="0" timestamp="2022-03-15T17:30:46 PDT">
  <testcase classname="apitestResReq.PostRegister" name="getUsers" time="1.876"/>
  <testcase classname="apitestResReq.PostRegister" name="getUsers" time="0.798"/>
  <testcase classname="apitestResReq.PostRegister" name="getUsers" time="0.52"/>
  <testcase classname="apitestResReq.PostRegister" name="getUsers" time="0.493"/>
  <testcase classname="apitestResReq.PostRegister" name="getUsers" time="0.498"/>
</testsuite> <!-- Default test -->
