<?xml version="1.0" encoding="UTF-8"?>
<testng-results ignored="0" total="5" passed="5" failed="0" skipped="0">
  <reporter-output>
  </reporter-output>
  <suite started-at="2022-03-15T17:30:40 PDT" name="Default suite" finished-at="2022-03-15T17:30:46 PDT" duration-ms="6183">
    <groups>
    </groups>
    <test started-at="2022-03-15T17:30:40 PDT" name="Default test" finished-at="2022-03-15T17:30:46 PDT" duration-ms="6183">
      <class name="apitestResReq.PostRegister">
        <test-method is-config="true" signature="setup()[pri:0, instance:apitestResReq.PostRegister@1dde4cb2]" started-at="2022-03-15T17:30:40 PDT" name="setup" finished-at="2022-03-15T17:30:40 PDT" duration-ms="617" status="PASS">
          <reporter-output>
          </reporter-output>
        </test-method> <!-- setup -->
        <test-method signature="getUsers(java.lang.String,java.lang.String)[pri:0, instance:apitestResReq.PostRegister@1dde4cb2]" started-at="2022-03-15T17:30:41 PDT" name="getUsers" data-provider="datafromexcel" finished-at="2022-03-15T17:30:43 PDT" duration-ms="1876" status="PASS">
          <params>
            <param index="0">
              <value>
                <![CDATA[michael.lawson@resreq.in]]>
              </value>
            </param>
            <param index="1">
              <value>
                <![CDATA[password123]]>
              </value>
            </param>
          </params>
          <reporter-output>
          </reporter-output>
        </test-method> <!-- getUsers -->
        <test-method signature="getUsers(java.lang.String,java.lang.String)[pri:0, instance:apitestResReq.PostRegister@1dde4cb2]" started-at="2022-03-15T17:30:43 PDT" name="getUsers" data-provider="datafromexcel" finished-at="2022-03-15T17:30:44 PDT" duration-ms="798" status="PASS">
          <params>
            <param index="0">
              <value>
                <![CDATA[lindsay.ferguson@resreq.in]]>
              </value>
            </param>
            <param index="1">
              <value>
                <![CDATA[password123]]>
              </value>
            </param>
          </params>
          <reporter-output>
          </reporter-output>
        </test-method> <!-- getUsers -->
        <test-method signature="getUsers(java.lang.String,java.lang.String)[pri:0, instance:apitestResReq.PostRegister@1dde4cb2]" started-at="2022-03-15T17:30:44 PDT" name="getUsers" data-provider="datafromexcel" finished-at="2022-03-15T17:30:45 PDT" duration-ms="520" status="PASS">
          <params>
            <param index="0">
              <value>
                <![CDATA[dan.clark@somewhere.com]]>
              </value>
            </param>
            <param index="1">
              <value>
                <![CDATA[password123]]>
              </value>
            </param>
          </params>
          <reporter-output>
          </reporter-output>
        </test-method> <!-- getUsers -->
        <test-method signature="getUsers(java.lang.String,java.lang.String)[pri:0, instance:apitestResReq.PostRegister@1dde4cb2]" started-at="2022-03-15T17:30:45 PDT" name="getUsers" data-provider="datafromexcel" finished-at="2022-03-15T17:30:45 PDT" duration-ms="493" status="PASS">
          <params>
            <param index="0">
              <value>
                <![CDATA[sydney@fife]]>
              </value>
            </param>
            <param index="1">
              <value>
                <![CDATA[]]>
              </value>
            </param>
          </params>
          <reporter-output>
          </reporter-output>
        </test-method> <!-- getUsers -->
        <test-method signature="getUsers(java.lang.String,java.lang.String)[pri:0, instance:apitestResReq.PostRegister@1dde4cb2]" started-at="2022-03-15T17:30:45 PDT" name="getUsers" data-provider="datafromexcel" finished-at="2022-03-15T17:30:46 PDT" duration-ms="498" status="PASS">
          <params>
            <param index="0">
              <value>
                <![CDATA[]]>
              </value>
            </param>
            <param index="1">
              <value>
                <![CDATA[]]>
              </value>
            </param>
          </params>
          <reporter-output>
          </reporter-output>
        </test-method> <!-- getUsers -->
      </class> <!-- apitestResReq.PostRegister -->
    </test> <!-- Default test -->
  </suite> <!-- Default suite -->
</testng-results>
