<?xml version="1.0" encoding="UTF-8"?>
<testng-results ignored="3" total="11" passed="8" failed="0" skipped="0">
  <reporter-output>
  </reporter-output>
  <suite started-at="2022-03-15T17:56:52 PDT" name="Suite" finished-at="2022-03-15T17:57:01 PDT" duration-ms="8155">
    <groups>
    </groups>
    <test started-at="2022-03-15T17:56:52 PDT" name="Test" finished-at="2022-03-15T17:57:01 PDT" duration-ms="8155">
      <class name="apitestResReq.GetNonExistingUser">
        <test-method signature="getUsers()[pri:1, instance:apitestResReq.GetNonExistingUser@79924b]" started-at="2022-03-15T17:56:55 PDT" name="getUsers" finished-at="2022-03-15T17:56:56 PDT" duration-ms="616" status="PASS">
          <reporter-output>
          </reporter-output>
        </test-method> <!-- getUsers -->
      </class> <!-- apitestResReq.GetNonExistingUser -->
      <class name="apitestResReq.PostRegister">
        <test-method signature="getUsers(java.lang.String,java.lang.String)[pri:0, instance:apitestResReq.PostRegister@6572421]" started-at="2022-03-15T17:56:58 PDT" name="getUsers" data-provider="datafromexcel" finished-at="2022-03-15T17:56:58 PDT" duration-ms="574" status="PASS">
          <params>
            <param index="0">
              <value>
                <![CDATA[michael.lawson@resreq.in]]>
              </value>
            </param>
            <param index="1">
              <value>
                <![CDATA[password123]]>
              </value>
            </param>
          </params>
          <reporter-output>
          </reporter-output>
        </test-method> <!-- getUsers -->
        <test-method signature="getUsers(java.lang.String,java.lang.String)[pri:0, instance:apitestResReq.PostRegister@6572421]" started-at="2022-03-15T17:56:58 PDT" name="getUsers" data-provider="datafromexcel" finished-at="2022-03-15T17:56:59 PDT" duration-ms="676" status="PASS">
          <params>
            <param index="0">
              <value>
                <![CDATA[lindsay.ferguson@resreq.in]]>
              </value>
            </param>
            <param index="1">
              <value>
                <![CDATA[password123]]>
              </value>
            </param>
          </params>
          <reporter-output>
          </reporter-output>
        </test-method> <!-- getUsers -->
        <test-method signature="getUsers(java.lang.String,java.lang.String)[pri:0, instance:apitestResReq.PostRegister@6572421]" started-at="2022-03-15T17:56:59 PDT" name="getUsers" data-provider="datafromexcel" finished-at="2022-03-15T17:57:00 PDT" duration-ms="633" status="PASS">
          <params>
            <param index="0">
              <value>
                <![CDATA[dan.clark@somewhere.com]]>
              </value>
            </param>
            <param index="1">
              <value>
                <![CDATA[password123]]>
              </value>
            </param>
          </params>
          <reporter-output>
          </reporter-output>
        </test-method> <!-- getUsers -->
        <test-method signature="getUsers(java.lang.String,java.lang.String)[pri:0, instance:apitestResReq.PostRegister@6572421]" started-at="2022-03-15T17:57:00 PDT" name="getUsers" data-provider="datafromexcel" finished-at="2022-03-15T17:57:00 PDT" duration-ms="499" status="PASS">
          <params>
            <param index="0">
              <value>
                <![CDATA[sydney@fife]]>
              </value>
            </param>
            <param index="1">
              <value>
                <![CDATA[]]>
              </value>
            </param>
          </params>
          <reporter-output>
          </reporter-output>
        </test-method> <!-- getUsers -->
        <test-method signature="getUsers(java.lang.String,java.lang.String)[pri:0, instance:apitestResReq.PostRegister@6572421]" started-at="2022-03-15T17:57:00 PDT" name="getUsers" data-provider="datafromexcel" finished-at="2022-03-15T17:57:01 PDT" duration-ms="547" status="PASS">
          <params>
            <param index="0">
              <value>
                <![CDATA[]]>
              </value>
            </param>
            <param index="1">
              <value>
                <![CDATA[]]>
              </value>
            </param>
          </params>
          <reporter-output>
          </reporter-output>
        </test-method> <!-- getUsers -->
      </class> <!-- apitestResReq.PostRegister -->
      <class name="apitestResReq.GetUsers">
        <test-method signature="getUsers()[pri:1, instance:apitestResReq.GetUsers@7b9a4292]" started-at="2022-03-15T17:56:56 PDT" name="getUsers" finished-at="2022-03-15T17:56:56 PDT" duration-ms="233" status="PASS">
          <reporter-output>
          </reporter-output>
        </test-method> <!-- getUsers -->
      </class> <!-- apitestResReq.GetUsers -->
      <class name="apitestResReq.GetSpecificUser">
        <test-method is-config="true" signature="setup()[pri:0, instance:apitestResReq.GetSpecificUser@359f7cdf]" started-at="2022-03-15T17:56:52 PDT" name="setup" finished-at="2022-03-15T17:56:53 PDT" duration-ms="830" status="PASS">
          <reporter-output>
          </reporter-output>
        </test-method> <!-- setup -->
        <test-method signature="getUsers()[pri:1, instance:apitestResReq.GetSpecificUser@359f7cdf]" started-at="2022-03-15T17:56:53 PDT" name="getUsers" finished-at="2022-03-15T17:56:55 PDT" duration-ms="1796" status="PASS">
          <reporter-output>
          </reporter-output>
        </test-method> <!-- getUsers -->
      </class> <!-- apitestResReq.GetSpecificUser -->
    </test> <!-- Test -->
  </suite> <!-- Suite -->
</testng-results>
