<?xml version="1.0" encoding="UTF-8"?>
<!-- Generated by org.testng.reporters.JUnitXMLReporter -->
<testsuite ignored="3" hostname="OTSWJLPY633" failures="0" tests="8" name="Test" time="8.155" errors="0" timestamp="2022-03-15T17:57:01 PDT">
  <testcase classname="apitestResReq.GetSpecificUser" name="getUsers" time="1.796"/>
  <testcase classname="apitestResReq.GetNonExistingUser" name="getUsers" time="0.616"/>
  <testcase classname="apitestResReq.GetUsers" name="getUsers" time="0.233"/>
  <testcase classname="apitestResReq.PostRegister" name="getUsers" time="0.574"/>
  <testcase classname="apitestResReq.PostRegister" name="getUsers" time="0.676"/>
  <testcase classname="apitestResReq.PostRegister" name="getUsers" time="0.633"/>
  <testcase classname="apitestResReq.PostRegister" name="getUsers" time="0.499"/>
  <testcase classname="apitestResReq.PostRegister" name="getUsers" time="0.547"/>
  <testcase classname="apitestResReq.BaseClass" name="@BeforeTest setup" time="0.0">
    <ignored/>
  </testcase> <!-- @BeforeTest setup -->
  <testcase classname="apitestResReq.BaseClass" name="@BeforeTest setup" time="0.0">
    <ignored/>
  </testcase> <!-- @BeforeTest setup -->
  <testcase classname="apitestResReq.BaseClass" name="@BeforeTest setup" time="0.0">
    <ignored/>
  </testcase> <!-- @BeforeTest setup -->
</testsuite> <!-- Test -->
